============================= test session starts =============================
platform win32 -- Python 3.10.9, pytest-9.0.2, pluggy-1.6.0 -- C:\Users\kmsre\AppData\Local\Programs\Python\Python310\python.exe
cachedir: .pytest_cache
rootdir: C:\Users\kmsre\Desktop\are doctors better\physician-analytics
plugins: anyio-4.11.0
collecting ... collected 19 items

tests/test_pipeline.py::test_data_loads_correctly PASSED                 [  5%]
tests/test_pipeline.py::test_raw_data_row_count PASSED                   [ 10%]
tests/test_pipeline.py::test_no_negative_costs PASSED                    [ 15%]
tests/test_pipeline.py::test_no_negative_submitted_charges PASSED        [ 21%]
tests/test_pipeline.py::test_z_scores_calculated PASSED                  [ 26%]
tests/test_pipeline.py::test_z_scores_finite PASSED                      [ 31%]
tests/test_pipeline.py::test_outlier_flag_correct PASSED                 [ 36%]
tests/test_pipeline.py::test_non_outliers_not_flagged PASSED             [ 42%]
tests/test_pipeline.py::test_database_tables_exist PASSED                [ 47%]
tests/test_pipeline.py::test_database_tables_non_empty PASSED            [ 52%]
tests/test_pipeline.py::test_sql_query_returns_results PASSED            [ 57%]
tests/test_pipeline.py::test_query1_has_variation_ratio PASSED           [ 63%]
tests/test_pipeline.py::test_clusters_assigned PASSED                    [ 68%]
tests/test_pipeline.py::test_cluster_names_are_valid PASSED              [ 73%]
tests/test_pipeline.py::test_cluster_count PASSED                        [ 78%]
tests/test_pipeline.py::test_cost_per_patient_positive PASSED            [ 84%]
tests/test_pipeline.py::test_charge_to_payment_ratio_range PASSED        [ 89%]
tests/test_pipeline.py::test_providers_unique_npi PASSED                 [ 94%]
tests/test_pipeline.py::test_providers_state_coverage PASSED             [100%]

============================= 19 passed in 1.91s ==============================
